<?xml version="1.0" encoding="UTF-8"?>
<testsuite name="co.ceiba.service.NotifyPersonServiceTest" tests="1" skipped="0" failures="0" errors="0" timestamp="2018-01-16T21:58:29" hostname="DAVID-SANDOVAL" time="0.013">
  <properties/>
  <testcase name="notifyTest" classname="co.ceiba.service.NotifyPersonServiceTest" time="0.013"/>
  <system-out><![CDATA[Email send succeful with messageWelcomeCeiba
]]></system-out>
  <system-err><![CDATA[]]></system-err>
</testsuite>
